<?xml version="1.0" encoding="UTF-8"?>
<!-- Generated by org.testng.reporters.JUnitXMLReporter -->
<testsuite ignored="0" hostname="DESKTOP-FJO2KO7" failures="0" tests="2" name="Default test" time="96.866" errors="0" timestamp="2024-03-24T16:29:44 IST">
  <testcase classname="com.bookcart.testlayer.BookCartPriceTest" name="verifyModifyCartTest" time="47.672"/>
  <testcase classname="com.bookcart.testlayer.BookCartPriceTest" name="verifyTotalCartPriceTest" time="32.672"/>
</testsuite> <!-- Default test -->
