<?xml version="1.0" encoding="UTF-8"?>
<testng-results ignored="0" total="2" passed="2" failed="0" skipped="0">
  <reporter-output>
  </reporter-output>
  <suite started-at="2024-04-20T14:30:02 IST" name="Suite" finished-at="2024-04-20T14:34:44 IST" duration-ms="281907">
    <groups>
    </groups>
    <test started-at="2024-04-20T14:30:02 IST" name="Test" finished-at="2024-04-20T14:34:44 IST" duration-ms="281907">
      <class name="com.bookcart.testlayer.BookCartPriceTest">
        <test-method is-config="true" signature="setUp()[pri:0, instance:com.bookcart.testlayer.BookCartPriceTest@3fa247d1]" started-at="2024-04-20T14:30:12 IST" name="setUp" finished-at="2024-04-20T14:31:48 IST" duration-ms="95666" status="PASS">
          <reporter-output>
          </reporter-output>
        </test-method> <!-- setUp -->
        <test-method signature="verifyTotalCartPriceTest(java.lang.String,java.lang.String,java.lang.String,java.lang.String,java.lang.String,java.lang.String,java.lang.String)[pri:1, instance:com.bookcart.testlayer.BookCartPriceTest@3fa247d1]" started-at="2024-04-20T14:31:48 IST" name="verifyTotalCartPriceTest" data-provider="getTotalCartPriceTest" finished-at="2024-04-20T14:32:50 IST" duration-ms="61993" status="PASS">
          <params>
            <param index="0">
              <value>
                <![CDATA[Harry Potter and the Chamber of Secrets]]>
              </value>
            </param>
            <param index="1">
              <value>
                <![CDATA[A Dance with Dragons]]>
              </value>
            </param>
            <param index="2">
              <value>
                <![CDATA[Birthday Girl]]>
              </value>
            </param>
            <param index="3">
              <value>
                <![CDATA[The Hate U Give]]>
              </value>
            </param>
            <param index="4">
              <value>
                <![CDATA[Rot & Ruin]]>
              </value>
            </param>
            <param index="5">
              <value>
                <![CDATA[2]]>
              </value>
            </param>
            <param index="6">
              <value>
                <![CDATA[One Item added to cart]]>
              </value>
            </param>
          </params>
          <reporter-output>
          </reporter-output>
        </test-method> <!-- verifyTotalCartPriceTest -->
        <test-method is-config="true" signature="tearDown()[pri:0, instance:com.bookcart.testlayer.BookCartPriceTest@3fa247d1]" started-at="2024-04-20T14:32:50 IST" name="tearDown" finished-at="2024-04-20T14:32:52 IST" duration-ms="2585" status="PASS">
          <reporter-output>
          </reporter-output>
        </test-method> <!-- tearDown -->
        <test-method is-config="true" signature="setUp()[pri:0, instance:com.bookcart.testlayer.BookCartPriceTest@3fa247d1]" started-at="2024-04-20T14:32:53 IST" name="setUp" finished-at="2024-04-20T14:33:25 IST" duration-ms="31894" status="PASS">
          <reporter-output>
          </reporter-output>
        </test-method> <!-- setUp -->
        <test-method signature="verifyModifyCartTest(java.lang.String,java.lang.String,java.lang.String,java.lang.String,java.lang.String,java.lang.String,java.lang.String)[pri:2, instance:com.bookcart.testlayer.BookCartPriceTest@3fa247d1]" started-at="2024-04-20T14:33:25 IST" name="verifyModifyCartTest" data-provider="getModifyCartTest" finished-at="2024-04-20T14:34:42 IST" duration-ms="77016" status="PASS">
          <params>
            <param index="0">
              <value>
                <![CDATA[Harry Potter and the Chamber of Secrets]]>
              </value>
            </param>
            <param index="1">
              <value>
                <![CDATA[A Dance with Dragons]]>
              </value>
            </param>
            <param index="2">
              <value>
                <![CDATA[Birthday Girl]]>
              </value>
            </param>
            <param index="3">
              <value>
                <![CDATA[The Hate U Give]]>
              </value>
            </param>
            <param index="4">
              <value>
                <![CDATA[Rot & Ruin]]>
              </value>
            </param>
            <param index="5">
              <value>
                <![CDATA[2]]>
              </value>
            </param>
            <param index="6">
              <value>
                <![CDATA[One Item added to cart]]>
              </value>
            </param>
          </params>
          <reporter-output>
          </reporter-output>
        </test-method> <!-- verifyModifyCartTest -->
        <test-method is-config="true" signature="tearDown()[pri:0, instance:com.bookcart.testlayer.BookCartPriceTest@3fa247d1]" started-at="2024-04-20T14:34:42 IST" name="tearDown" finished-at="2024-04-20T14:34:44 IST" duration-ms="2277" status="PASS">
          <reporter-output>
          </reporter-output>
        </test-method> <!-- tearDown -->
      </class> <!-- com.bookcart.testlayer.BookCartPriceTest -->
    </test> <!-- Test -->
  </suite> <!-- Suite -->
</testng-results>
