<?xml version="1.0" encoding="UTF-8"?>
<testng-results ignored="0" total="2" passed="2" failed="0" skipped="0">
  <reporter-output>
  </reporter-output>
  <suite started-at="2024-03-24T16:48:03 IST" name="Suite" finished-at="2024-03-24T16:49:40 IST" duration-ms="96852">
    <groups>
    </groups>
    <test started-at="2024-03-24T16:48:03 IST" name="Test" finished-at="2024-03-24T16:49:40 IST" duration-ms="96852">
      <class name="com.bookcart.testlayer.BookCartPriceTest">
        <test-method is-config="true" signature="setUp()[pri:0, instance:com.bookcart.testlayer.BookCartPriceTest@2c532cd8]" started-at="2024-03-24T16:48:05 IST" name="setUp" finished-at="2024-03-24T16:48:13 IST" duration-ms="7761" status="PASS">
          <reporter-output>
          </reporter-output>
        </test-method> <!-- setUp -->
        <test-method signature="verifyTotalCartPriceTest(java.lang.String,java.lang.String,java.lang.String,java.lang.String,java.lang.String,java.lang.String,java.lang.String)[pri:1, instance:com.bookcart.testlayer.BookCartPriceTest@2c532cd8]" started-at="2024-03-24T16:48:13 IST" name="verifyTotalCartPriceTest" data-provider="getTotalCartPriceTest" finished-at="2024-03-24T16:48:45 IST" duration-ms="32261" status="PASS">
          <params>
            <param index="0">
              <value>
                <![CDATA[Harry Potter and the Chamber of Secrets]]>
              </value>
            </param>
            <param index="1">
              <value>
                <![CDATA[A Dance with Dragons]]>
              </value>
            </param>
            <param index="2">
              <value>
                <![CDATA[Birthday Girl]]>
              </value>
            </param>
            <param index="3">
              <value>
                <![CDATA[The Hate U Give]]>
              </value>
            </param>
            <param index="4">
              <value>
                <![CDATA[Rot & Ruin]]>
              </value>
            </param>
            <param index="5">
              <value>
                <![CDATA[2]]>
              </value>
            </param>
            <param index="6">
              <value>
                <![CDATA[One Item added to cart]]>
              </value>
            </param>
          </params>
          <reporter-output>
          </reporter-output>
        </test-method> <!-- verifyTotalCartPriceTest -->
        <test-method is-config="true" signature="tearDown()[pri:0, instance:com.bookcart.testlayer.BookCartPriceTest@2c532cd8]" started-at="2024-03-24T16:48:45 IST" name="tearDown" finished-at="2024-03-24T16:48:46 IST" duration-ms="429" status="PASS">
          <reporter-output>
          </reporter-output>
        </test-method> <!-- tearDown -->
        <test-method is-config="true" signature="setUp()[pri:0, instance:com.bookcart.testlayer.BookCartPriceTest@2c532cd8]" started-at="2024-03-24T16:48:46 IST" name="setUp" finished-at="2024-03-24T16:48:53 IST" duration-ms="6636" status="PASS">
          <reporter-output>
          </reporter-output>
        </test-method> <!-- setUp -->
        <test-method signature="verifyModifyCartTest(java.lang.String,java.lang.String,java.lang.String,java.lang.String,java.lang.String,java.lang.String,java.lang.String)[pri:2, instance:com.bookcart.testlayer.BookCartPriceTest@2c532cd8]" started-at="2024-03-24T16:48:53 IST" name="verifyModifyCartTest" data-provider="getModifyCartTest" finished-at="2024-03-24T16:49:40 IST" duration-ms="46969" status="PASS">
          <params>
            <param index="0">
              <value>
                <![CDATA[Harry Potter and the Chamber of Secrets]]>
              </value>
            </param>
            <param index="1">
              <value>
                <![CDATA[A Dance with Dragons]]>
              </value>
            </param>
            <param index="2">
              <value>
                <![CDATA[Birthday Girl]]>
              </value>
            </param>
            <param index="3">
              <value>
                <![CDATA[The Hate U Give]]>
              </value>
            </param>
            <param index="4">
              <value>
                <![CDATA[Rot & Ruin]]>
              </value>
            </param>
            <param index="5">
              <value>
                <![CDATA[2]]>
              </value>
            </param>
            <param index="6">
              <value>
                <![CDATA[One Item added to cart]]>
              </value>
            </param>
          </params>
          <reporter-output>
          </reporter-output>
        </test-method> <!-- verifyModifyCartTest -->
        <test-method is-config="true" signature="tearDown()[pri:0, instance:com.bookcart.testlayer.BookCartPriceTest@2c532cd8]" started-at="2024-03-24T16:49:40 IST" name="tearDown" finished-at="2024-03-24T16:49:40 IST" duration-ms="416" status="PASS">
          <reporter-output>
          </reporter-output>
        </test-method> <!-- tearDown -->
      </class> <!-- com.bookcart.testlayer.BookCartPriceTest -->
    </test> <!-- Test -->
  </suite> <!-- Suite -->
</testng-results>
